<?xml version="1.0" encoding="UTF-8"?>
<!-- Generated by org.testng.reporters.JUnitReportReporter -->
<testsuite hostname="DESKTOP-PKAIL08" failures="0" tests="2" name="Testcase.GetRequest" time="3.439" errors="0" timestamp="2021-03-08T14:28:30 IST" skipped="0">
  <testcase classname="Testcase.GetRequest" name="test1" time="2.207"/>
  <system-out/>
  <testcase classname="Testcase.GetRequest" name="test2" time="1.232"/>
  <system-out/>
</testsuite> <!-- Testcase.GetRequest -->
