<?xml version="1.0" encoding="UTF-8"?>
<!-- Generated by org.testng.reporters.JUnitReportReporter -->
<testsuite hostname="DESKTOP-PKAIL08" failures="0" tests="2" name="Testcase.GetRequest" time="3.834" errors="0" timestamp="2021-03-08T15:20:52 IST" skipped="0">
  <testcase classname="Testcase.GetRequest" name="test1" time="2.656"/>
  <system-out/>
  <testcase classname="Testcase.GetRequest" name="test2" time="1.178"/>
  <system-out/>
</testsuite> <!-- Testcase.GetRequest -->
