<?xml version="1.0" encoding="UTF-8"?>
<!-- Generated by org.testng.reporters.JUnitReportReporter -->
<testsuite hostname="DESKTOP-PKAIL08" failures="0" tests="1" name="Testcase.PostRequest" time="0.905" errors="0" timestamp="2021-03-08T15:20:52 IST" skipped="0">
  <testcase classname="Testcase.PostRequest" name="testPost" time="0.905"/>
  <system-out/>
</testsuite> <!-- Testcase.PostRequest -->
